
Showing logs for build [32mablazleon-ml-api-docker-k8-mast-95ll9-1[0m stage [32mfrom-build-pack[0m and container [32mcredential-initializer[0m
{"level":"info","ts":1596646307.1016438,"caller":"creds-init/main.go:44","msg":"Credentials initialized."}

Showing logs for build [32mablazleon-ml-api-docker-k8-mast-95ll9-1[0m stage [32mfrom-build-pack[0m and container [32mworking-dir-initializer[0m

Showing logs for build [32mablazleon-ml-api-docker-k8-mast-95ll9-1[0m stage [32mfrom-build-pack[0m and container [32mplace-tools[0m

Showing logs for build [32mablazleon-ml-api-docker-k8-mast-95ll9-1[0m stage [32mfrom-build-pack[0m and container [32mstep-git-source-ablazleon-ml-api-docker-k8-mast-95ll9-qswkz[0m
{"level":"info","ts":1596646328.4173985,"caller":"git/git.go:105","msg":"Successfully cloned https://github.com/*********/ml-api-docker-k8.git @ v0.0.1 in path /workspace/source"}
{"level":"warn","ts":1596646328.4175217,"caller":"git/git.go:152","msg":"Unexpected error: creating symlink: symlink /tekton/home/.ssh /root/.ssh: file exists"}
{"level":"info","ts":1596646328.4600494,"caller":"git/git.go:133","msg":"Successfully initialized and updated submodules in path /workspace/source"}

Showing logs for build [32mablazleon-ml-api-docker-k8-mast-95ll9-1[0m stage [32mfrom-build-pack[0m and container [32mstep-setup-builder-home[0m

Showing logs for build [32mablazleon-ml-api-docker-k8-mast-95ll9-1[0m stage [32mfrom-build-pack[0m and container [32mstep-git-merge[0m
Using SHAs from PULL_REFS=master:
WARNING: no SHAs to merge, falling back to initial cloned commit

Showing logs for build [32mablazleon-ml-api-docker-k8-mast-95ll9-1[0m stage [32mfrom-build-pack[0m and container [32mstep-setup-jx-git-credentials[0m
Generated Git credentials file /workspace/xdg_config/git/credentials

Showing logs for build [32mablazleon-ml-api-docker-k8-mast-95ll9-1[0m stage [32mfrom-build-pack[0m and container [32mstep-build-python-unittest[0m

----------------------------------------------------------------------
Ran 0 tests in 0.000s

OK

Showing logs for build [32mablazleon-ml-api-docker-k8-mast-95ll9-1[0m stage [32mfrom-build-pack[0m and container [32mstep-build-container-build[0m
E0805 16:52:14.540629      10 aws_credentials.go:77] while getting AWS credentials NoCredentialProviders: no valid providers in chain. Deprecated.
	For verbose messaging see aws.Config.CredentialsChainVerboseErrors
[36mINFO[0m[0001] Using dockerignore file: /workspace/source/.dockerignore 
[36mINFO[0m[0001] Retrieving image manifest python:3.7.3-stretch 
E0805 16:52:14.941500      10 metadata.go:154] while reading 'google-dockercfg' metadata: http status code: 404 while fetching url http://metadata.google.internal./computeMetadata/v1/instance/attributes/google-dockercfg
E0805 16:52:14.944790      10 metadata.go:166] while reading 'google-dockercfg-url' metadata: http status code: 404 while fetching url http://metadata.google.internal./computeMetadata/v1/instance/attributes/google-dockercfg-url
[36mINFO[0m[0002] Retrieving image manifest python:3.7.3-stretch 
[36mINFO[0m[0003] Built cross stage deps: map[]                
[36mINFO[0m[0003] Retrieving image manifest python:3.7.3-stretch 
[36mINFO[0m[0004] Retrieving image manifest python:3.7.3-stretch 
[36mINFO[0m[0006] Executing 0 build triggers                   
[36mINFO[0m[0006] Checking for cached layer gcr.io/striking-joy-285411/cache:5322943b753c5d78f22877bdb8c5ff1f5fb7eb67fdacd32697ba2affa73b0dc2... 
[36mINFO[0m[0006] No cached layer found for cmd COPY . app.py /app/ 
[36mINFO[0m[0006] cmd: EXPOSE                                  
[36mINFO[0m[0006] Adding exposed port: 80/tcp                  
[36mINFO[0m[0006] Unpacking rootfs as cmd COPY . app.py /app/ requires it. 
[36mINFO[0m[0031] WORKDIR /app                                 
[36mINFO[0m[0031] cmd: workdir                                 
[36mINFO[0m[0031] Changed working directory to /app            
[36mINFO[0m[0031] Creating directory /app                      
[36mINFO[0m[0031] Resolving 1 paths                            
[36mINFO[0m[0031] Taking snapshot of files...                  
[36mINFO[0m[0031] COPY . app.py /app/                          
[36mINFO[0m[0031] Resolving 151 paths                          
[36mINFO[0m[0031] Taking snapshot of files...                  
[36mINFO[0m[0031] RUN pip install --upgrade pip &&    pip install --trusted-host pypi.python.org -r requirements.txt 
[36mINFO[0m[0031] Taking snapshot of full filesystem...        
[36mINFO[0m[0031] Pushing layer gcr.io/striking-joy-285411/cache:5322943b753c5d78f22877bdb8c5ff1f5fb7eb67fdacd32697ba2affa73b0dc2 to cache now 
[36mINFO[0m[0033] Resolving 37602 paths                        
[36mINFO[0m[0092] cmd: /bin/sh                                 
[36mINFO[0m[0092] args: [-c pip install --upgrade pip &&    pip install --trusted-host pypi.python.org -r requirements.txt] 
[36mINFO[0m[0092] Running: [/bin/sh -c pip install --upgrade pip &&    pip install --trusted-host pypi.python.org -r requirements.txt] 
Collecting pip
  Downloading https://files.pythonhosted.org/packages/bd/b1/56a834acdbe23b486dea16aaf4c27ed28eb292695b90d01dff96c96597de/pip-20.2.1-py2.py3-none-any.whl (1.5MB)
Installing collected packages: pip
  Found existing installation: pip 19.1.1
    Uninstalling pip-19.1.1:
      Successfully uninstalled pip-19.1.1
Successfully installed pip-20.2.1
Collecting Click==7.0
  Downloading Click-7.0-py2.py3-none-any.whl (81 kB)
Collecting Flask==1.0.2
  Downloading Flask-1.0.2-py2.py3-none-any.whl (91 kB)
Collecting itsdangerous==1.1.0
  Downloading itsdangerous-1.1.0-py2.py3-none-any.whl (16 kB)
Collecting Jinja2==2.10.3
  Downloading Jinja2-2.10.3-py2.py3-none-any.whl (125 kB)
Collecting MarkupSafe==1.1.1
  Downloading MarkupSafe-1.1.1-cp37-cp37m-manylinux1_x86_64.whl (27 kB)
Collecting numpy==1.17.2
  Downloading numpy-1.17.2-cp37-cp37m-manylinux1_x86_64.whl (20.3 MB)
Collecting pandas==0.24.2
  Downloading pandas-0.24.2-cp37-cp37m-manylinux1_x86_64.whl (10.1 MB)
Collecting python-dateutil==2.8.0
  Downloading python_dateutil-2.8.0-py2.py3-none-any.whl (226 kB)
Collecting pytz==2019.3
  Downloading pytz-2019.3-py2.py3-none-any.whl (509 kB)
Collecting scikit-learn==0.20.3
  Downloading scikit_learn-0.20.3-cp37-cp37m-manylinux1_x86_64.whl (5.4 MB)
Collecting scipy==1.3.1
  Downloading scipy-1.3.1-cp37-cp37m-manylinux1_x86_64.whl (25.2 MB)
Collecting six==1.12.0
  Downloading six-1.12.0-py2.py3-none-any.whl (10 kB)
Collecting Werkzeug==0.16.0
  Downloading Werkzeug-0.16.0-py2.py3-none-any.whl (327 kB)
Collecting pylint==2.5.3
  Downloading pylint-2.5.3-py3-none-any.whl (324 kB)
Collecting astroid<=2.5,>=2.4.0
  Downloading astroid-2.4.2-py3-none-any.whl (213 kB)
Collecting isort<5,>=4.2.5
  Downloading isort-4.3.21-py2.py3-none-any.whl (42 kB)
Collecting mccabe<0.7,>=0.6
  Downloading mccabe-0.6.1-py2.py3-none-any.whl (8.6 kB)
Collecting toml>=0.7.1
  Downloading toml-0.10.1-py2.py3-none-any.whl (19 kB)
Collecting wrapt~=1.11
  Downloading wrapt-1.12.1.tar.gz (27 kB)
Collecting lazy-object-proxy==1.4.*
  Downloading lazy_object_proxy-1.4.3-cp37-cp37m-manylinux1_x86_64.whl (56 kB)
Collecting typed-ast<1.5,>=1.4.0; implementation_name == "cpython" and python_version < "3.8"
  Downloading typed_ast-1.4.1-cp37-cp37m-manylinux1_x86_64.whl (737 kB)
Building wheels for collected packages: wrapt
  Building wheel for wrapt (setup.py): started
  Building wheel for wrapt (setup.py): finished with status 'done'
  Created wheel for wrapt: filename=wrapt-1.12.1-cp37-cp37m-linux_x86_64.whl size=71565 sha256=0e90f004ad1ab4c0b343dfed94905eb38fb549935e5d3fb8b11860abef28f8f8
  Stored in directory: /root/.cache/pip/wheels/62/76/4c/aa25851149f3f6d9785f6c869387ad82b3fd37582fa8147ac6
Successfully built wrapt
Installing collected packages: Click, itsdangerous, Werkzeug, MarkupSafe, Jinja2, Flask, numpy, pytz, six, python-dateutil, pandas, scipy, scikit-learn, wrapt, lazy-object-proxy, typed-ast, astroid, isort, mccabe, toml, pylint
Successfully installed Click-7.0 Flask-1.0.2 Jinja2-2.10.3 MarkupSafe-1.1.1 Werkzeug-0.16.0 astroid-2.4.2 isort-4.3.21 itsdangerous-1.1.0 lazy-object-proxy-1.4.3 mccabe-0.6.1 numpy-1.17.2 pandas-0.24.2 pylint-2.5.3 python-dateutil-2.8.0 pytz-2019.3 scikit-learn-0.20.3 scipy-1.3.1 six-1.12.0 toml-0.10.1 typed-ast-1.4.1 wrapt-1.12.1
[36mINFO[0m[0115] Taking snapshot of full filesystem...        
[36mINFO[0m[0118] Resolving 45656 paths                        
[36mINFO[0m[0135] Pushing layer gcr.io/striking-joy-285411/cache:8d72076717aa17420f5dde013c9664d6b39dd68468ad106a3ddd6544331c33e7 to cache now 
[36mINFO[0m[0135] EXPOSE 80                                    
[36mINFO[0m[0135] cmd: EXPOSE                                  
[36mINFO[0m[0135] Adding exposed port: 80/tcp                  
[36mINFO[0m[0135] No files changed in this command, skipping snapshotting. 
[36mINFO[0m[0135] CMD ["python", "app.py"]                     
[36mINFO[0m[0135] No files changed in this command, skipping snapshotting. 

Showing logs for build [32mablazleon-ml-api-docker-k8-mast-95ll9-1[0m stage [32mfrom-build-pack[0m and container [32mstep-build-post-build[0m
no CVE provider running in the current ** namespace so skip adding image to be analysed

Showing logs for build [32mablazleon-ml-api-docker-k8-mast-95ll9-1[0m stage [32mfrom-build-pack[0m and container [32mstep-promote-changelog[0m
Converted /workspace/source/charts/ml-api-docker-k8 to an unshallow repository
Generating change log from git ref 5e394cff6f3f7c5a12f0e8d61d0b23bf369e525d => ac3bc486d043751143ccb017e2b35980882ef4c0
Associating user ********* in users.jenkins.io with email *********@gmail.com to git GitProvider user with login *********-1 as emails match
Adding label jenkins.io/git-github-userid=*********-1 to user ********* in users.jenkins.io
Associating user ********* in users.jenkins.io with email *********@gmail.com to git GitProvider user with login *********-1 as emails match
Adding label jenkins.io/git-github-userid=*********-1 to user ********* in users.jenkins.io
Finding issues in commit messages using git format
Associating user *********-0 in users.jenkins.io with email adrian.blazquez.leon@alumnos.upm.es to git GitProvider user with login adrián-0 as emails match
Adding label jenkins.io/git-github-userid=adrián-0 to user *********-0 in users.jenkins.io
Associating user github in users.jenkins.io with email noreply@github.com to git GitProvider user with login github-0 as emails match
Adding label jenkins.io/git-github-userid=github-0 to user github in users.jenkins.io
Associating user *********-0 in users.jenkins.io with email adrian.blazquez.leon@alumnos.upm.es to git GitProvider user with login adrián-0 as emails match
Adding label jenkins.io/git-github-userid=adrián-0 to user *********-0 in users.jenkins.io
Associating user github in users.jenkins.io with email noreply@github.com to git GitProvider user with login github-0 as emails match
Adding label jenkins.io/git-github-userid=github-0 to user github in users.jenkins.io
Associating user *********-0 in users.jenkins.io with email adrian.blazquez.leon@alumnos.upm.es to git GitProvider user with login adrián-0 as emails match
Adding label jenkins.io/git-github-userid=adrián-0 to user *********-0 in users.jenkins.io
Associating user github in users.jenkins.io with email noreply@github.com to git GitProvider user with login github-0 as emails match
Adding label jenkins.io/git-github-userid=github-0 to user github in users.jenkins.io
Associating user *********-0 in users.jenkins.io with email adrian.blazquez.leon@alumnos.upm.es to git GitProvider user with login adrián-0 as emails match
Adding label jenkins.io/git-github-userid=adrián-0 to user *********-0 in users.jenkins.io
Associating user github in users.jenkins.io with email noreply@github.com to git GitProvider user with login github-0 as emails match
Adding label jenkins.io/git-github-userid=github-0 to user github in users.jenkins.io
Associating user *********-0 in users.jenkins.io with email adrian.blazquez.leon@alumnos.upm.es to git GitProvider user with login adrián-0 as emails match
Adding label jenkins.io/git-github-userid=adrián-0 to user *********-0 in users.jenkins.io
Associating user github in users.jenkins.io with email noreply@github.com to git GitProvider user with login github-0 as emails match
Adding label jenkins.io/git-github-userid=github-0 to user github in users.jenkins.io
Associating user *********-0 in users.jenkins.io with email adrian.blazquez.leon@alumnos.upm.es to git GitProvider user with login adrián-0 as emails match
Adding label jenkins.io/git-github-userid=adrián-0 to user *********-0 in users.jenkins.io
Associating user github in users.jenkins.io with email noreply@github.com to git GitProvider user with login github-0 as emails match
Adding label jenkins.io/git-github-userid=github-0 to user github in users.jenkins.io
Associating user *********-0 in users.jenkins.io with email adrian.blazquez.leon@alumnos.upm.es to git GitProvider user with login adrián-0 as emails match
Adding label jenkins.io/git-github-userid=adrián-0 to user *********-0 in users.jenkins.io
Associating user github in users.jenkins.io with email noreply@github.com to git GitProvider user with login github-0 as emails match
Adding label jenkins.io/git-github-userid=github-0 to user github in users.jenkins.io
Associating user *********-0 in users.jenkins.io with email adrian.blazquez.leon@alumnos.upm.es to git GitProvider user with login adrián-0 as emails match
Adding label jenkins.io/git-github-userid=adrián-0 to user *********-0 in users.jenkins.io
Associating user github in users.jenkins.io with email noreply@github.com to git GitProvider user with login github-0 as emails match
Adding label jenkins.io/git-github-userid=github-0 to user github in users.jenkins.io
Associating user *********-0 in users.jenkins.io with email adrian.blazquez.leon@alumnos.upm.es to git GitProvider user with login adrián-0 as emails match
Adding label jenkins.io/git-github-userid=adrián-0 to user *********-0 in users.jenkins.io
Associating user github in users.jenkins.io with email noreply@github.com to git GitProvider user with login github-0 as emails match
Adding label jenkins.io/git-github-userid=github-0 to user github in users.jenkins.io
Associating user *********-0 in users.jenkins.io with email adrian.blazquez.leon@alumnos.upm.es to git GitProvider user with login adrián-0 as emails match
Adding label jenkins.io/git-github-userid=adrián-0 to user *********-0 in users.jenkins.io
Associating user github in users.jenkins.io with email noreply@github.com to git GitProvider user with login github-0 as emails match
Adding label jenkins.io/git-github-userid=github-0 to user github in users.jenkins.io
Associating user *********-0 in users.jenkins.io with email adrian.blazquez.leon@alumnos.upm.es to git GitProvider user with login adrián-0 as emails match
Adding label jenkins.io/git-github-userid=adrián-0 to user *********-0 in users.jenkins.io
Associating user github in users.jenkins.io with email noreply@github.com to git GitProvider user with login github-0 as emails match
Adding label jenkins.io/git-github-userid=github-0 to user github in users.jenkins.io
Associating user *********-0 in users.jenkins.io with email adrian.blazquez.leon@alumnos.upm.es to git GitProvider user with login adrián-0 as emails match
Adding label jenkins.io/git-github-userid=adrián-0 to user *********-0 in users.jenkins.io
Associating user github in users.jenkins.io with email noreply@github.com to git GitProvider user with login github-0 as emails match
Adding label jenkins.io/git-github-userid=github-0 to user github in users.jenkins.io
Associating user *********-0 in users.jenkins.io with email adrian.blazquez.leon@alumnos.upm.es to git GitProvider user with login adrián-0 as emails match
Adding label jenkins.io/git-github-userid=adrián-0 to user *********-0 in users.jenkins.io
Associating user github in users.jenkins.io with email noreply@github.com to git GitProvider user with login github-0 as emails match
Adding label jenkins.io/git-github-userid=github-0 to user github in users.jenkins.io
Associating user *********-0 in users.jenkins.io with email adrian.blazquez.leon@alumnos.upm.es to git GitProvider user with login adrián-0 as emails match
Adding label jenkins.io/git-github-userid=adrián-0 to user *********-0 in users.jenkins.io
Associating user github in users.jenkins.io with email noreply@github.com to git GitProvider user with login github-0 as emails match
Adding label jenkins.io/git-github-userid=github-0 to user github in users.jenkins.io
Associating user *********-0 in users.jenkins.io with email adrian.blazquez.leon@alumnos.upm.es to git GitProvider user with login adrián-0 as emails match
Adding label jenkins.io/git-github-userid=adrián-0 to user *********-0 in users.jenkins.io
Associating user github in users.jenkins.io with email noreply@github.com to git GitProvider user with login github-0 as emails match
Adding label jenkins.io/git-github-userid=github-0 to user github in users.jenkins.io
Associating user *********-0 in users.jenkins.io with email adrian.blazquez.leon@alumnos.upm.es to git GitProvider user with login adrián-0 as emails match
Adding label jenkins.io/git-github-userid=adrián-0 to user *********-0 in users.jenkins.io
Associating user github in users.jenkins.io with email noreply@github.com to git GitProvider user with login github-0 as emails match
Adding label jenkins.io/git-github-userid=github-0 to user github in users.jenkins.io
Associating user *********-0 in users.jenkins.io with email adrian.blazquez.leon@alumnos.upm.es to git GitProvider user with login adrián-0 as emails match
Adding label jenkins.io/git-github-userid=adrián-0 to user *********-0 in users.jenkins.io
Associating user github in users.jenkins.io with email noreply@github.com to git GitProvider user with login github-0 as emails match
Adding label jenkins.io/git-github-userid=github-0 to user github in users.jenkins.io
Associating user *********-0 in users.jenkins.io with email adrian.blazquez.leon@alumnos.upm.es to git GitProvider user with login adrián-0 as emails match
Adding label jenkins.io/git-github-userid=adrián-0 to user *********-0 in users.jenkins.io
Associating user github in users.jenkins.io with email noreply@github.com to git GitProvider user with login github-0 as emails match
Adding label jenkins.io/git-github-userid=github-0 to user github in users.jenkins.io
Associating user *********-0 in users.jenkins.io with email adrian.blazquez.leon@alumnos.upm.es to git GitProvider user with login adrián-0 as emails match
Adding label jenkins.io/git-github-userid=adrián-0 to user *********-0 in users.jenkins.io
Associating user github in users.jenkins.io with email noreply@github.com to git GitProvider user with login github-0 as emails match
Adding label jenkins.io/git-github-userid=github-0 to user github in users.jenkins.io
Associating user *********-0 in users.jenkins.io with email adrian.blazquez.leon@alumnos.upm.es to git GitProvider user with login adrián-0 as emails match
Adding label jenkins.io/git-github-userid=adrián-0 to user *********-0 in users.jenkins.io
Associating user github in users.jenkins.io with email noreply@github.com to git GitProvider user with login github-0 as emails match
Adding label jenkins.io/git-github-userid=github-0 to user github in users.jenkins.io
Associating user *********-0 in users.jenkins.io with email adrian.blazquez.leon@alumnos.upm.es to git GitProvider user with login adrián-0 as emails match
Adding label jenkins.io/git-github-userid=adrián-0 to user *********-0 in users.jenkins.io
Associating user github in users.jenkins.io with email noreply@github.com to git GitProvider user with login github-0 as emails match
Adding label jenkins.io/git-github-userid=github-0 to user github in users.jenkins.io
Associating user *********-0 in users.jenkins.io with email adrian.blazquez.leon@alumnos.upm.es to git GitProvider user with login adrián-0 as emails match
Adding label jenkins.io/git-github-userid=adrián-0 to user *********-0 in users.jenkins.io
Associating user github in users.jenkins.io with email noreply@github.com to git GitProvider user with login github-0 as emails match
Adding label jenkins.io/git-github-userid=github-0 to user github in users.jenkins.io
Associating user *********-0 in users.jenkins.io with email adrian.blazquez.leon@alumnos.upm.es to git GitProvider user with login adrián-0 as emails match
Adding label jenkins.io/git-github-userid=adrián-0 to user *********-0 in users.jenkins.io
Associating user github in users.jenkins.io with email noreply@github.com to git GitProvider user with login github-0 as emails match
Adding label jenkins.io/git-github-userid=github-0 to user github in users.jenkins.io
Associating user *********-0 in users.jenkins.io with email adrian.blazquez.leon@alumnos.upm.es to git GitProvider user with login adrián-0 as emails match
Adding label jenkins.io/git-github-userid=adrián-0 to user *********-0 in users.jenkins.io
Associating user github in users.jenkins.io with email noreply@github.com to git GitProvider user with login github-0 as emails match
Adding label jenkins.io/git-github-userid=github-0 to user github in users.jenkins.io
Associating user *********-0 in users.jenkins.io with email adrian.blazquez.leon@alumnos.upm.es to git GitProvider user with login adrián-0 as emails match
Adding label jenkins.io/git-github-userid=adrián-0 to user *********-0 in users.jenkins.io
Associating user github in users.jenkins.io with email noreply@github.com to git GitProvider user with login github-0 as emails match
Adding label jenkins.io/git-github-userid=github-0 to user github in users.jenkins.io
Associating user *********-0 in users.jenkins.io with email adrian.blazquez.leon@alumnos.upm.es to git GitProvider user with login adrián-0 as emails match
Adding label jenkins.io/git-github-userid=adrián-0 to user *********-0 in users.jenkins.io
Associating user github in users.jenkins.io with email noreply@github.com to git GitProvider user with login github-0 as emails match
Adding label jenkins.io/git-github-userid=github-0 to user github in users.jenkins.io
Associating user *********-0 in users.jenkins.io with email adrian.blazquez.leon@alumnos.upm.es to git GitProvider user with login adrián-0 as emails match
Adding label jenkins.io/git-github-userid=adrián-0 to user *********-0 in users.jenkins.io
Associating user github in users.jenkins.io with email noreply@github.com to git GitProvider user with login github-0 as emails match
Adding label jenkins.io/git-github-userid=github-0 to user github in users.jenkins.io
Associating user *********-0 in users.jenkins.io with email adrian.blazquez.leon@alumnos.upm.es to git GitProvider user with login adrián-0 as emails match
Adding label jenkins.io/git-github-userid=adrián-0 to user *********-0 in users.jenkins.io
Associating user github in users.jenkins.io with email noreply@github.com to git GitProvider user with login github-0 as emails match
Adding label jenkins.io/git-github-userid=github-0 to user github in users.jenkins.io
Associating user *********-0 in users.jenkins.io with email adrian.blazquez.leon@alumnos.upm.es to git GitProvider user with login adrián-0 as emails match
Adding label jenkins.io/git-github-userid=adrián-0 to user *********-0 in users.jenkins.io
Associating user github in users.jenkins.io with email noreply@github.com to git GitProvider user with login github-0 as emails match
Adding label jenkins.io/git-github-userid=github-0 to user github in users.jenkins.io
Associating user *********-0 in users.jenkins.io with email adrian.blazquez.leon@alumnos.upm.es to git GitProvider user with login adrián-0 as emails match
Adding label jenkins.io/git-github-userid=adrián-0 to user *********-0 in users.jenkins.io
Associating user github in users.jenkins.io with email noreply@github.com to git GitProvider user with login github-0 as emails match
Adding label jenkins.io/git-github-userid=github-0 to user github in users.jenkins.io
Associating user *********-0 in users.jenkins.io with email adrian.blazquez.leon@alumnos.upm.es to git GitProvider user with login adrián-0 as emails match
Adding label jenkins.io/git-github-userid=adrián-0 to user *********-0 in users.jenkins.io
Associating user github in users.jenkins.io with email noreply@github.com to git GitProvider user with login github-0 as emails match
Adding label jenkins.io/git-github-userid=github-0 to user github in users.jenkins.io
Associating user *********-0 in users.jenkins.io with email adrian.blazquez.leon@alumnos.upm.es to git GitProvider user with login adrián-0 as emails match
Adding label jenkins.io/git-github-userid=adrián-0 to user *********-0 in users.jenkins.io
Associating user github in users.jenkins.io with email noreply@github.com to git GitProvider user with login github-0 as emails match
Adding label jenkins.io/git-github-userid=github-0 to user github in users.jenkins.io
Associating user *********-0 in users.jenkins.io with email adrian.blazquez.leon@alumnos.upm.es to git GitProvider user with login adrián-0 as emails match
Adding label jenkins.io/git-github-userid=adrián-0 to user *********-0 in users.jenkins.io
Associating user github in users.jenkins.io with email noreply@github.com to git GitProvider user with login github-0 as emails match
Adding label jenkins.io/git-github-userid=github-0 to user github in users.jenkins.io
Associating user *********-0 in users.jenkins.io with email adrian.blazquez.leon@alumnos.upm.es to git GitProvider user with login adrián-0 as emails match
Adding label jenkins.io/git-github-userid=adrián-0 to user *********-0 in users.jenkins.io
Associating user github in users.jenkins.io with email noreply@github.com to git GitProvider user with login github-0 as emails match
Adding label jenkins.io/git-github-userid=github-0 to user github in users.jenkins.io
Associating user ********* in users.jenkins.io with email *********@gmail.com to git GitProvider user with login *********-1 as emails match
Adding label jenkins.io/git-github-userid=*********-1 to user ********* in users.jenkins.io
Associating user ********* in users.jenkins.io with email *********@gmail.com to git GitProvider user with login *********-1 as emails match
Adding label jenkins.io/git-github-userid=*********-1 to user ********* in users.jenkins.io
Associating user ********* in users.jenkins.io with email *********@gmail.com to git GitProvider user with login *********-1 as emails match
Adding label jenkins.io/git-github-userid=*********-1 to user ********* in users.jenkins.io
Associating user ********* in users.jenkins.io with email *********@gmail.com to git GitProvider user with login *********-1 as emails match
Adding label jenkins.io/git-github-userid=*********-1 to user ********* in users.jenkins.io
Associating user ********* in users.jenkins.io with email *********@gmail.com to git GitProvider user with login *********-1 as emails match
Adding label jenkins.io/git-github-userid=*********-1 to user ********* in users.jenkins.io
Associating user ********* in users.jenkins.io with email *********@gmail.com to git GitProvider user with login *********-1 as emails match
Adding label jenkins.io/git-github-userid=*********-1 to user ********* in users.jenkins.io
Associating user ********* in users.jenkins.io with email *********@gmail.com to git GitProvider user with login *********-1 as emails match
Adding label jenkins.io/git-github-userid=*********-1 to user ********* in users.jenkins.io
Associating user ********* in users.jenkins.io with email *********@gmail.com to git GitProvider user with login *********-1 as emails match
Adding label jenkins.io/git-github-userid=*********-1 to user ********* in users.jenkins.io
Associating user ********* in users.jenkins.io with email *********@gmail.com to git GitProvider user with login *********-1 as emails match
Adding label jenkins.io/git-github-userid=*********-1 to user ********* in users.jenkins.io
Associating user ********* in users.jenkins.io with email *********@gmail.com to git GitProvider user with login *********-1 as emails match
Adding label jenkins.io/git-github-userid=*********-1 to user ********* in users.jenkins.io
Associating user ec2-default-user in users.jenkins.io with email ec2-user@ip-172-31-18-161.us-west-2.compute.internal to git GitProvider user with login ec2-default-user-0 as emails match
Adding label jenkins.io/git-github-userid=ec2-default-user-0 to user ec2-default-user in users.jenkins.io
Associating user ec2-default-user in users.jenkins.io with email ec2-user@ip-172-31-18-161.us-west-2.compute.internal to git GitProvider user with login ec2-default-user-0 as emails match
Adding label jenkins.io/git-github-userid=ec2-default-user-0 to user ec2-default-user in users.jenkins.io
Associating user ec2-default-user in users.jenkins.io with email ec2-user@ip-172-31-18-161.us-west-2.compute.internal to git GitProvider user with login ec2-default-user-0 as emails match
Adding label jenkins.io/git-github-userid=ec2-default-user-0 to user ec2-default-user in users.jenkins.io
Associating user ec2-default-user in users.jenkins.io with email ec2-user@ip-172-31-18-161.us-west-2.compute.internal to git GitProvider user with login ec2-default-user-0 as emails match
Adding label jenkins.io/git-github-userid=ec2-default-user-0 to user ec2-default-user in users.jenkins.io
Associating user ec2-default-user in users.jenkins.io with email ec2-user@ip-172-31-18-161.us-west-2.compute.internal to git GitProvider user with login ec2-default-user-0 as emails match
Adding label jenkins.io/git-github-userid=ec2-default-user-0 to user ec2-default-user in users.jenkins.io
Associating user ********* in users.jenkins.io with email *********@gmail.com to git GitProvider user with login *********-1 as emails match
Adding label jenkins.io/git-github-userid=*********-1 to user ********* in users.jenkins.io
Associating user ********* in users.jenkins.io with email *********@gmail.com to git GitProvider user with login *********-1 as emails match
Adding label jenkins.io/git-github-userid=*********-1 to user ********* in users.jenkins.io
Associating user ********* in users.jenkins.io with email *********@gmail.com to git GitProvider user with login *********-1 as emails match
Adding label jenkins.io/git-github-userid=*********-1 to user ********* in users.jenkins.io
Associating user ********* in users.jenkins.io with email *********@gmail.com to git GitProvider user with login *********-1 as emails match
Adding label jenkins.io/git-github-userid=*********-1 to user ********* in users.jenkins.io
Associating user sudkul in users.jenkins.io with email sudhanshu.kulshrestha@gmail.com to git GitProvider user with login sudkul-0 as emails match
Adding label jenkins.io/git-github-userid=sudkul-0 to user sudkul in users.jenkins.io
Associating user github in users.jenkins.io with email noreply@github.com to git GitProvider user with login github-0 as emails match
Adding label jenkins.io/git-github-userid=github-0 to user github in users.jenkins.io
Associating user mvirgo in users.jenkins.io with email mvirgs44@gmail.com to git GitProvider user with login mvirgo-0 as emails match
Adding label jenkins.io/git-github-userid=mvirgo-0 to user mvirgo in users.jenkins.io
Associating user mvirgo in users.jenkins.io with email mvirgs44@gmail.com to git GitProvider user with login mvirgo-0 as emails match
Adding label jenkins.io/git-github-userid=mvirgo-0 to user mvirgo in users.jenkins.io
Associating user mvirgo in users.jenkins.io with email mvirgs44@gmail.com to git GitProvider user with login mvirgo-0 as emails match
Adding label jenkins.io/git-github-userid=mvirgo-0 to user mvirgo in users.jenkins.io
Associating user mvirgo in users.jenkins.io with email mvirgs44@gmail.com to git GitProvider user with login mvirgo-0 as emails match
Adding label jenkins.io/git-github-userid=mvirgo-0 to user mvirgo in users.jenkins.io
Associating user mvirgo in users.jenkins.io with email mvirgs44@gmail.com to git GitProvider user with login mvirgo-0 as emails match
Adding label jenkins.io/git-github-userid=mvirgo-0 to user mvirgo in users.jenkins.io
Associating user mvirgo in users.jenkins.io with email mvirgs44@gmail.com to git GitProvider user with login mvirgo-0 as emails match
Adding label jenkins.io/git-github-userid=mvirgo-0 to user mvirgo in users.jenkins.io
Associating user mvirgo in users.jenkins.io with email mvirgs44@gmail.com to git GitProvider user with login mvirgo-0 as emails match
Adding label jenkins.io/git-github-userid=mvirgo-0 to user mvirgo in users.jenkins.io
Associating user github in users.jenkins.io with email noreply@github.com to git GitProvider user with login github-0 as emails match
Adding label jenkins.io/git-github-userid=github-0 to user github in users.jenkins.io
Associating user cezanne in users.jenkins.io with email cezannec@alumni.stanford.edu to git GitProvider user with login cezanne-0 as emails match
Adding label jenkins.io/git-github-userid=cezanne-0 to user cezanne in users.jenkins.io
Associating user cezanne in users.jenkins.io with email cezannec@alumni.stanford.edu to git GitProvider user with login cezanne-camacho as emails match
Adding label jenkins.io/git-github-userid=cezanne-camacho to user cezanne in users.jenkins.io
Associating user github in users.jenkins.io with email noreply@github.com to git GitProvider user with login github-0 as emails match
Adding label jenkins.io/git-github-userid=github-0 to user github in users.jenkins.io
Associating user cezanne in users.jenkins.io with email cezannec@alumni.stanford.edu to git GitProvider user with login cezanne-camacho as emails match
Adding label jenkins.io/git-github-userid=cezanne-camacho to user cezanne in users.jenkins.io
Associating user github in users.jenkins.io with email noreply@github.com to git GitProvider user with login github-0 as emails match
Adding label jenkins.io/git-github-userid=github-0 to user github in users.jenkins.io
Associating user cezanne in users.jenkins.io with email cezannec@alumni.stanford.edu to git GitProvider user with login cezanne-camacho as emails match
Adding label jenkins.io/git-github-userid=cezanne-camacho to user cezanne in users.jenkins.io
Associating user github in users.jenkins.io with email noreply@github.com to git GitProvider user with login github-0 as emails match
Adding label jenkins.io/git-github-userid=github-0 to user github in users.jenkins.io
Associating user cezanne in users.jenkins.io with email cezannec@alumni.stanford.edu to git GitProvider user with login cezanne-0 as emails match
Adding label jenkins.io/git-github-userid=cezanne-0 to user cezanne in users.jenkins.io
Associating user cezanne in users.jenkins.io with email cezannec@alumni.stanford.edu to git GitProvider user with login cezanne-0 as emails match
Adding label jenkins.io/git-github-userid=cezanne-0 to user cezanne in users.jenkins.io
Associating user cezanne in users.jenkins.io with email cezannec@alumni.stanford.edu to git GitProvider user with login cezanne-camacho as emails match
Adding label jenkins.io/git-github-userid=cezanne-camacho to user cezanne in users.jenkins.io
Associating user github in users.jenkins.io with email noreply@github.com to git GitProvider user with login github-0 as emails match
Adding label jenkins.io/git-github-userid=github-0 to user github in users.jenkins.io
Associating user cezanne in users.jenkins.io with email cezannec@alumni.stanford.edu to git GitProvider user with login cezanne-0 as emails match
Adding label jenkins.io/git-github-userid=cezanne-0 to user cezanne in users.jenkins.io
Associating user cezanne in users.jenkins.io with email cezannec@alumni.stanford.edu to git GitProvider user with login cezanne-0 as emails match
Adding label jenkins.io/git-github-userid=cezanne-0 to user cezanne in users.jenkins.io
Associating user cezanne in users.jenkins.io with email cezannec@alumni.stanford.edu to git GitProvider user with login cezanne-camacho as emails match
Adding label jenkins.io/git-github-userid=cezanne-camacho to user cezanne in users.jenkins.io
Associating user github in users.jenkins.io with email noreply@github.com to git GitProvider user with login github-0 as emails match
Adding label jenkins.io/git-github-userid=github-0 to user github in users.jenkins.io
Associating user cezanne in users.jenkins.io with email cezannec@alumni.stanford.edu to git GitProvider user with login cezanne-0 as emails match
Adding label jenkins.io/git-github-userid=cezanne-0 to user cezanne in users.jenkins.io
Associating user cezanne in users.jenkins.io with email cezannec@alumni.stanford.edu to git GitProvider user with login cezanne-0 as emails match
Adding label jenkins.io/git-github-userid=cezanne-0 to user cezanne in users.jenkins.io
Associating user cezanne in users.jenkins.io with email cezannec@alumni.stanford.edu to git GitProvider user with login cezanne-0 as emails match
Adding label jenkins.io/git-github-userid=cezanne-0 to user cezanne in users.jenkins.io
Associating user cezanne in users.jenkins.io with email cezannec@alumni.stanford.edu to git GitProvider user with login cezanne-0 as emails match
Adding label jenkins.io/git-github-userid=cezanne-0 to user cezanne in users.jenkins.io
Associating user cezanne in users.jenkins.io with email cezannec@alumni.stanford.edu to git GitProvider user with login cezanne-0 as emails match
Adding label jenkins.io/git-github-userid=cezanne-0 to user cezanne in users.jenkins.io
Associating user cezanne in users.jenkins.io with email cezannec@alumni.stanford.edu to git GitProvider user with login cezanne-0 as emails match
Adding label jenkins.io/git-github-userid=cezanne-0 to user cezanne in users.jenkins.io
Associating user cezanne in users.jenkins.io with email cezannec@alumni.stanford.edu to git GitProvider user with login cezanne-0 as emails match
Adding label jenkins.io/git-github-userid=cezanne-0 to user cezanne in users.jenkins.io
Associating user cezanne in users.jenkins.io with email cezannec@alumni.stanford.edu to git GitProvider user with login cezanne-0 as emails match
Adding label jenkins.io/git-github-userid=cezanne-0 to user cezanne in users.jenkins.io
WARNING: No release found for *********/ml-api-docker-k8 and tag v0.0.1 so creating a new release
Updated the release information at https://github.com/*********/ml-api-docker-k8/releases/tag/v0.0.1
generated: /workspace/source/charts/ml-api-docker-k8/templates/release.yaml
Created Release ml-api-docker-k8-0-0-1 resource in namespace **
Updating PipelineActivity *********-ml-api-docker-k8-master-1 with version 0.0.1
Updated PipelineActivities *********-ml-api-docker-k8-master-1 with release notes URL: https://github.com/*********/ml-api-docker-k8/releases/tag/v0.0.1

Showing logs for build [32mablazleon-ml-api-docker-k8-mast-95ll9-1[0m stage [32mfrom-build-pack[0m and container [32mstep-promote-helm-release[0m
WARNING: No $CHART_REPOSITORY defined so using the default value of: http://jenkins-x-chartmuseum:8080
Adding missing Helm repo: storage.googleapis.com https://storage.googleapis.com/chartmuseum.jenkins-x.io
Successfully added Helm repository storage.googleapis.com.
Adding missing Helm repo: jenkins-x-chartmuseum http://jenkins-x-chartmuseum:8080
Successfully added Helm repository jenkins-x-chartmuseum.
WARNING: No $CHART_REPOSITORY defined so using the default value of: http://jenkins-x-chartmuseum:8080
Uploading chart file ml-api-docker-k8-0.0.1.tgz to http://jenkins-x-chartmuseum:8080/api/charts
Received 201 response: {"saved":true}

Showing logs for build [32mablazleon-ml-api-docker-k8-mast-95ll9-1[0m stage [32mfrom-build-pack[0m and container [32mstep-promote-jx-promote[0m
WARNING: prow based install so skip waiting for the merge of Pull Requests to go green as currently there is an issue with gettingstatuses from the PR, see https://github.com/jenkins-x/**/issues/2410
WARNING: No $CHART_REPOSITORY defined so using the default value of: http://jenkins-x-chartmuseum:8080
Promoting app ml-api-docker-k8 version 0.0.1 to namespace **-staging
Created Pull Request: https://github.com/*********/environment-myinfra-staging/pull/4
Added label updatebot to Pull Request https://github.com/*********/environment-myinfra-staging/pull/4
got git provider status pending from PR https://github.com/*********/environment-myinfra-staging/pull/4
Pull Request https://github.com/*********/environment-myinfra-staging/pull/4 is merged at sha 4544698046c67d11d8a4417c8760f6394cbd3d6f
Pull Request merged but we are not waiting for the update pipeline to complete!
WARNING: Could not find the service URL in namespace **-staging for names ml-api-docker-k8, **-ml-api-docker-k8, **-staging-ml-api-docker-k8
